CRITICAL - 2024-11-22 07:44:24 --> ParseError: syntax error, unexpected token "public"
[Method: GET, Route: notifications/getUnreadCount]
in APPPATH\Controllers\NotificationController.php on line 35.
 1 SYSTEMPATH\Autoloader\Autoloader.php(296): CodeIgniter\Autoloader\Autoloader->includeFile('C:\\laragon\\www\\library_system\\app\\Controllers\\NotificationController.php')
 2 SYSTEMPATH\Autoloader\Autoloader.php(272): CodeIgniter\Autoloader\Autoloader->loadInNamespace('App\\Controllers\\NotificationController')
 3 [internal function]: CodeIgniter\Autoloader\Autoloader->loadClass('App\\Controllers\\NotificationController')
 4 SYSTEMPATH\CodeIgniter.php(887): class_exists('\\App\\Controllers\\NotificationController', true)
 5 SYSTEMPATH\CodeIgniter.php(496): CodeIgniter\CodeIgniter->startController()
 6 SYSTEMPATH\CodeIgniter.php(355): CodeIgniter\CodeIgniter->handleRequest(null, Object(Config\Cache), false)
 7 SYSTEMPATH\Boot.php(325): CodeIgniter\CodeIgniter->run()
 8 SYSTEMPATH\Boot.php(67): CodeIgniter\Boot::runCodeIgniter(Object(CodeIgniter\CodeIgniter))
 9 FCPATH\index.php(57): CodeIgniter\Boot::bootWeb(Object(Config\Paths))
CRITICAL - 2024-11-22 07:44:25 --> ParseError: syntax error, unexpected token "public"
[Method: GET, Route: notifications/getUnreadCount]
in APPPATH\Controllers\NotificationController.php on line 35.
 1 SYSTEMPATH\Autoloader\Autoloader.php(296): CodeIgniter\Autoloader\Autoloader->includeFile('C:\\laragon\\www\\library_system\\app\\Controllers\\NotificationController.php')
 2 SYSTEMPATH\Autoloader\Autoloader.php(272): CodeIgniter\Autoloader\Autoloader->loadInNamespace('App\\Controllers\\NotificationController')
 3 [internal function]: CodeIgniter\Autoloader\Autoloader->loadClass('App\\Controllers\\NotificationController')
 4 SYSTEMPATH\CodeIgniter.php(887): class_exists('\\App\\Controllers\\NotificationController', true)
 5 SYSTEMPATH\CodeIgniter.php(496): CodeIgniter\CodeIgniter->startController()
 6 SYSTEMPATH\CodeIgniter.php(355): CodeIgniter\CodeIgniter->handleRequest(null, Object(Config\Cache), false)
 7 SYSTEMPATH\Boot.php(325): CodeIgniter\CodeIgniter->run()
 8 SYSTEMPATH\Boot.php(67): CodeIgniter\Boot::runCodeIgniter(Object(CodeIgniter\CodeIgniter))
 9 FCPATH\index.php(57): CodeIgniter\Boot::bootWeb(Object(Config\Paths))
CRITICAL - 2024-11-22 07:49:14 --> ParseError: Unmatched '}'
[Method: GET, Route: user/dashboard]
in APPPATH\Models\BookModel.php on line 117.
 1 SYSTEMPATH\Autoloader\Autoloader.php(296): CodeIgniter\Autoloader\Autoloader->includeFile('C:\\laragon\\www\\library_system\\app\\Models\\BookModel.php')
 2 SYSTEMPATH\Autoloader\Autoloader.php(272): CodeIgniter\Autoloader\Autoloader->loadInNamespace('App\\Models\\BookModel')
 3 APPPATH\Controllers\UserController.php(647): CodeIgniter\Autoloader\Autoloader->loadClass('App\\Models\\BookModel')
 4 SYSTEMPATH\CodeIgniter.php(933): App\Controllers\UserController->dashboard()
 5 SYSTEMPATH\CodeIgniter.php(509): CodeIgniter\CodeIgniter->runController(Object(App\Controllers\UserController))
 6 SYSTEMPATH\CodeIgniter.php(355): CodeIgniter\CodeIgniter->handleRequest(null, Object(Config\Cache), false)
 7 SYSTEMPATH\Boot.php(325): CodeIgniter\CodeIgniter->run()
 8 SYSTEMPATH\Boot.php(67): CodeIgniter\Boot::runCodeIgniter(Object(CodeIgniter\CodeIgniter))
 9 FCPATH\index.php(57): CodeIgniter\Boot::bootWeb(Object(Config\Paths))
ERROR - 2024-11-22 07:52:19 --> mysqli_sql_exception: Unknown column 'updated_at' in 'field list' in C:\laragon\www\library_system\system\Database\MySQLi\Connection.php:312
Stack trace:
#0 C:\laragon\www\library_system\system\Database\MySQLi\Connection.php(312): mysqli->query('INSERT INTO `no...', 0)
#1 C:\laragon\www\library_system\system\Database\BaseConnection.php(734): CodeIgniter\Database\MySQLi\Connection->execute('INSERT INTO `no...')
#2 C:\laragon\www\library_system\system\Database\BaseConnection.php(648): CodeIgniter\Database\BaseConnection->simpleQuery('INSERT INTO `no...')
#3 C:\laragon\www\library_system\system\Database\BaseBuilder.php(2340): CodeIgniter\Database\BaseConnection->query('INSERT INTO `no...', Array, false)
#4 C:\laragon\www\library_system\system\Model.php(394): CodeIgniter\Database\BaseBuilder->insert()
#5 C:\laragon\www\library_system\system\BaseModel.php(840): CodeIgniter\Model->doInsert(Array)
#6 C:\laragon\www\library_system\system\Model.php(802): CodeIgniter\BaseModel->insert(Array, true)
#7 C:\laragon\www\library_system\app\Models\Notification_model.php(52): CodeIgniter\Model->insert(Array)
#8 C:\laragon\www\library_system\app\Controllers\AdminController.php(542): App\Models\Notification_model->sendNotificationToAllStudents('A new book "TES...', 'new_book')
#9 C:\laragon\www\library_system\system\CodeIgniter.php(933): App\Controllers\AdminController->createBook()
#10 C:\laragon\www\library_system\system\CodeIgniter.php(509): CodeIgniter\CodeIgniter->runController(Object(App\Controllers\AdminController))
#11 C:\laragon\www\library_system\system\CodeIgniter.php(355): CodeIgniter\CodeIgniter->handleRequest(NULL, Object(Config\Cache), false)
#12 C:\laragon\www\library_system\system\Boot.php(325): CodeIgniter\CodeIgniter->run()
#13 C:\laragon\www\library_system\system\Boot.php(67): CodeIgniter\Boot::runCodeIgniter(Object(CodeIgniter\CodeIgniter))
#14 C:\laragon\www\library_system\index.php(57): CodeIgniter\Boot::bootWeb(Object(Config\Paths))
#15 {main}
ERROR - 2024-11-22 08:01:40 --> mysqli_sql_exception: Unknown column 'updated_at' in 'field list' in C:\laragon\www\library_system\system\Database\MySQLi\Connection.php:312
Stack trace:
#0 C:\laragon\www\library_system\system\Database\MySQLi\Connection.php(312): mysqli->query('INSERT INTO `no...', 0)
#1 C:\laragon\www\library_system\system\Database\BaseConnection.php(734): CodeIgniter\Database\MySQLi\Connection->execute('INSERT INTO `no...')
#2 C:\laragon\www\library_system\system\Database\BaseConnection.php(648): CodeIgniter\Database\BaseConnection->simpleQuery('INSERT INTO `no...')
#3 C:\laragon\www\library_system\system\Database\BaseBuilder.php(2340): CodeIgniter\Database\BaseConnection->query('INSERT INTO `no...', Array, false)
#4 C:\laragon\www\library_system\system\Model.php(394): CodeIgniter\Database\BaseBuilder->insert()
#5 C:\laragon\www\library_system\system\BaseModel.php(840): CodeIgniter\Model->doInsert(Array)
#6 C:\laragon\www\library_system\system\Model.php(802): CodeIgniter\BaseModel->insert(Array, true)
#7 C:\laragon\www\library_system\app\Models\Notification_model.php(52): CodeIgniter\Model->insert(Array)
#8 C:\laragon\www\library_system\app\Controllers\AdminController.php(533): App\Models\Notification_model->sendNotificationToAllStudents('A new book "TES...', 'NEW_ARRIVAL')
#9 C:\laragon\www\library_system\system\CodeIgniter.php(933): App\Controllers\AdminController->createBook()
#10 C:\laragon\www\library_system\system\CodeIgniter.php(509): CodeIgniter\CodeIgniter->runController(Object(App\Controllers\AdminController))
#11 C:\laragon\www\library_system\system\CodeIgniter.php(355): CodeIgniter\CodeIgniter->handleRequest(NULL, Object(Config\Cache), false)
#12 C:\laragon\www\library_system\system\Boot.php(325): CodeIgniter\CodeIgniter->run()
#13 C:\laragon\www\library_system\system\Boot.php(67): CodeIgniter\Boot::runCodeIgniter(Object(CodeIgniter\CodeIgniter))
#14 C:\laragon\www\library_system\index.php(57): CodeIgniter\Boot::bootWeb(Object(Config\Paths))
#15 {main}
ERROR - 2024-11-22 08:03:17 --> mysqli_sql_exception: Unknown column 'updated_at' in 'field list' in C:\laragon\www\library_system\system\Database\MySQLi\Connection.php:312
Stack trace:
#0 C:\laragon\www\library_system\system\Database\MySQLi\Connection.php(312): mysqli->query('INSERT INTO `no...', 0)
#1 C:\laragon\www\library_system\system\Database\BaseConnection.php(734): CodeIgniter\Database\MySQLi\Connection->execute('INSERT INTO `no...')
#2 C:\laragon\www\library_system\system\Database\BaseConnection.php(648): CodeIgniter\Database\BaseConnection->simpleQuery('INSERT INTO `no...')
#3 C:\laragon\www\library_system\system\Database\BaseBuilder.php(2340): CodeIgniter\Database\BaseConnection->query('INSERT INTO `no...', Array, false)
#4 C:\laragon\www\library_system\system\Model.php(394): CodeIgniter\Database\BaseBuilder->insert()
#5 C:\laragon\www\library_system\system\BaseModel.php(840): CodeIgniter\Model->doInsert(Array)
#6 C:\laragon\www\library_system\system\Model.php(802): CodeIgniter\BaseModel->insert(Array, true)
#7 C:\laragon\www\library_system\app\Models\Notification_model.php(52): CodeIgniter\Model->insert(Array)
#8 C:\laragon\www\library_system\app\Controllers\AdminController.php(533): App\Models\Notification_model->sendNotificationToAllStudents('A new book "TES...', 'NEW_ARRIVAL')
#9 C:\laragon\www\library_system\system\CodeIgniter.php(933): App\Controllers\AdminController->createBook()
#10 C:\laragon\www\library_system\system\CodeIgniter.php(509): CodeIgniter\CodeIgniter->runController(Object(App\Controllers\AdminController))
#11 C:\laragon\www\library_system\system\CodeIgniter.php(355): CodeIgniter\CodeIgniter->handleRequest(NULL, Object(Config\Cache), false)
#12 C:\laragon\www\library_system\system\Boot.php(325): CodeIgniter\CodeIgniter->run()
#13 C:\laragon\www\library_system\system\Boot.php(67): CodeIgniter\Boot::runCodeIgniter(Object(CodeIgniter\CodeIgniter))
#14 C:\laragon\www\library_system\index.php(57): CodeIgniter\Boot::bootWeb(Object(Config\Paths))
#15 {main}
ERROR - 2024-11-22 08:07:05 --> mysqli_sql_exception: Unknown column 'message' in 'field list' in C:\laragon\www\library_system\system\Database\MySQLi\Connection.php:312
Stack trace:
#0 C:\laragon\www\library_system\system\Database\MySQLi\Connection.php(312): mysqli->query('INSERT INTO `us...', 0)
#1 C:\laragon\www\library_system\system\Database\BaseConnection.php(734): CodeIgniter\Database\MySQLi\Connection->execute('INSERT INTO `us...')
#2 C:\laragon\www\library_system\system\Database\BaseConnection.php(648): CodeIgniter\Database\BaseConnection->simpleQuery('INSERT INTO `us...')
#3 C:\laragon\www\library_system\system\Database\BaseBuilder.php(1836): CodeIgniter\Database\BaseConnection->query('INSERT INTO `us...', NULL, false)
#4 C:\laragon\www\library_system\system\Database\BaseBuilder.php(2225): CodeIgniter\Database\BaseBuilder->batchExecute('_insertBatch', 100)
#5 C:\laragon\www\library_system\app\Models\Notification_model.php(62): CodeIgniter\Database\BaseBuilder->insertBatch(Array)
#6 C:\laragon\www\library_system\app\Controllers\AdminController.php(533): App\Models\Notification_model->sendNotificationToAllStudents('A new book "TES...', 'NEW_ARRIVAL')
#7 C:\laragon\www\library_system\system\CodeIgniter.php(933): App\Controllers\AdminController->createBook()
#8 C:\laragon\www\library_system\system\CodeIgniter.php(509): CodeIgniter\CodeIgniter->runController(Object(App\Controllers\AdminController))
#9 C:\laragon\www\library_system\system\CodeIgniter.php(355): CodeIgniter\CodeIgniter->handleRequest(NULL, Object(Config\Cache), false)
#10 C:\laragon\www\library_system\system\Boot.php(325): CodeIgniter\CodeIgniter->run()
#11 C:\laragon\www\library_system\system\Boot.php(67): CodeIgniter\Boot::runCodeIgniter(Object(CodeIgniter\CodeIgniter))
#12 C:\laragon\www\library_system\index.php(57): CodeIgniter\Boot::bootWeb(Object(Config\Paths))
#13 {main}
ERROR - 2024-11-22 08:13:50 --> mysqli_sql_exception: Unknown column 'message' in 'field list' in C:\laragon\www\library_system\system\Database\MySQLi\Connection.php:312
Stack trace:
#0 C:\laragon\www\library_system\system\Database\MySQLi\Connection.php(312): mysqli->query('INSERT INTO `us...', 0)
#1 C:\laragon\www\library_system\system\Database\BaseConnection.php(734): CodeIgniter\Database\MySQLi\Connection->execute('INSERT INTO `us...')
#2 C:\laragon\www\library_system\system\Database\BaseConnection.php(648): CodeIgniter\Database\BaseConnection->simpleQuery('INSERT INTO `us...')
#3 C:\laragon\www\library_system\system\Database\BaseBuilder.php(1836): CodeIgniter\Database\BaseConnection->query('INSERT INTO `us...', NULL, false)
#4 C:\laragon\www\library_system\system\Database\BaseBuilder.php(2225): CodeIgniter\Database\BaseBuilder->batchExecute('_insertBatch', 100)
#5 C:\laragon\www\library_system\app\Models\Notification_model.php(62): CodeIgniter\Database\BaseBuilder->insertBatch(Array)
#6 C:\laragon\www\library_system\app\Controllers\AdminController.php(533): App\Models\Notification_model->sendNotificationToAllStudents('A new book "tes...', 'NEW_ARRIVAL')
#7 C:\laragon\www\library_system\system\CodeIgniter.php(933): App\Controllers\AdminController->createBook()
#8 C:\laragon\www\library_system\system\CodeIgniter.php(509): CodeIgniter\CodeIgniter->runController(Object(App\Controllers\AdminController))
#9 C:\laragon\www\library_system\system\CodeIgniter.php(355): CodeIgniter\CodeIgniter->handleRequest(NULL, Object(Config\Cache), false)
#10 C:\laragon\www\library_system\system\Boot.php(325): CodeIgniter\CodeIgniter->run()
#11 C:\laragon\www\library_system\system\Boot.php(67): CodeIgniter\Boot::runCodeIgniter(Object(CodeIgniter\CodeIgniter))
#12 C:\laragon\www\library_system\index.php(57): CodeIgniter\Boot::bootWeb(Object(Config\Paths))
#13 {main}
ERROR - 2024-11-22 08:19:53 --> mysqli_sql_exception: Unknown column 'message' in 'field list' in C:\laragon\www\library_system\system\Database\MySQLi\Connection.php:312
Stack trace:
#0 C:\laragon\www\library_system\system\Database\MySQLi\Connection.php(312): mysqli->query('INSERT INTO `us...', 0)
#1 C:\laragon\www\library_system\system\Database\BaseConnection.php(734): CodeIgniter\Database\MySQLi\Connection->execute('INSERT INTO `us...')
#2 C:\laragon\www\library_system\system\Database\BaseConnection.php(648): CodeIgniter\Database\BaseConnection->simpleQuery('INSERT INTO `us...')
#3 C:\laragon\www\library_system\system\Database\BaseBuilder.php(1836): CodeIgniter\Database\BaseConnection->query('INSERT INTO `us...', NULL, false)
#4 C:\laragon\www\library_system\system\Database\BaseBuilder.php(2225): CodeIgniter\Database\BaseBuilder->batchExecute('_insertBatch', 100)
#5 C:\laragon\www\library_system\app\Models\Notification_model.php(62): CodeIgniter\Database\BaseBuilder->insertBatch(Array)
#6 C:\laragon\www\library_system\app\Controllers\AdminController.php(529): App\Models\Notification_model->sendNotificationToAllStudents('A new book "TES...', 'NEW_ARRIVAL')
#7 C:\laragon\www\library_system\system\CodeIgniter.php(933): App\Controllers\AdminController->createBook()
#8 C:\laragon\www\library_system\system\CodeIgniter.php(509): CodeIgniter\CodeIgniter->runController(Object(App\Controllers\AdminController))
#9 C:\laragon\www\library_system\system\CodeIgniter.php(355): CodeIgniter\CodeIgniter->handleRequest(NULL, Object(Config\Cache), false)
#10 C:\laragon\www\library_system\system\Boot.php(325): CodeIgniter\CodeIgniter->run()
#11 C:\laragon\www\library_system\system\Boot.php(67): CodeIgniter\Boot::runCodeIgniter(Object(CodeIgniter\CodeIgniter))
#12 C:\laragon\www\library_system\index.php(57): CodeIgniter\Boot::bootWeb(Object(Config\Paths))
#13 {main}
CRITICAL - 2024-11-22 08:29:49 --> ParseError: Unclosed '{' on line 8
[Method: GET, Route: notifications/getUnreadCount]
in APPPATH\Models\Notification_model.php on line 78.
 1 SYSTEMPATH\Autoloader\Autoloader.php(296): CodeIgniter\Autoloader\Autoloader->includeFile('C:\\laragon\\www\\library_system\\app\\Models\\Notification_model.php')
 2 SYSTEMPATH\Autoloader\Autoloader.php(272): CodeIgniter\Autoloader\Autoloader->loadInNamespace('App\\Models\\Notification_model')
 3 APPPATH\Controllers\NotificationController.php(13): CodeIgniter\Autoloader\Autoloader->loadClass('App\\Models\\Notification_model')
 4 SYSTEMPATH\CodeIgniter.php(903): App\Controllers\NotificationController->__construct()
 5 SYSTEMPATH\CodeIgniter.php(500): CodeIgniter\CodeIgniter->createController()
 6 SYSTEMPATH\CodeIgniter.php(355): CodeIgniter\CodeIgniter->handleRequest(null, Object(Config\Cache), false)
 7 SYSTEMPATH\Boot.php(325): CodeIgniter\CodeIgniter->run()
 8 SYSTEMPATH\Boot.php(67): CodeIgniter\Boot::runCodeIgniter(Object(CodeIgniter\CodeIgniter))
 9 FCPATH\index.php(57): CodeIgniter\Boot::bootWeb(Object(Config\Paths))
CRITICAL - 2024-11-22 08:29:54 --> ParseError: Unclosed '{' on line 8
[Method: GET, Route: notifications/getUnreadCount]
in APPPATH\Models\Notification_model.php on line 78.
 1 SYSTEMPATH\Autoloader\Autoloader.php(296): CodeIgniter\Autoloader\Autoloader->includeFile('C:\\laragon\\www\\library_system\\app\\Models\\Notification_model.php')
 2 SYSTEMPATH\Autoloader\Autoloader.php(272): CodeIgniter\Autoloader\Autoloader->loadInNamespace('App\\Models\\Notification_model')
 3 APPPATH\Controllers\NotificationController.php(13): CodeIgniter\Autoloader\Autoloader->loadClass('App\\Models\\Notification_model')
 4 SYSTEMPATH\CodeIgniter.php(903): App\Controllers\NotificationController->__construct()
 5 SYSTEMPATH\CodeIgniter.php(500): CodeIgniter\CodeIgniter->createController()
 6 SYSTEMPATH\CodeIgniter.php(355): CodeIgniter\CodeIgniter->handleRequest(null, Object(Config\Cache), false)
 7 SYSTEMPATH\Boot.php(325): CodeIgniter\CodeIgniter->run()
 8 SYSTEMPATH\Boot.php(67): CodeIgniter\Boot::runCodeIgniter(Object(CodeIgniter\CodeIgniter))
 9 FCPATH\index.php(57): CodeIgniter\Boot::bootWeb(Object(Config\Paths))
CRITICAL - 2024-11-22 13:43:49 --> ErrorException: Cannot redeclare App\Models\Notification_model::getUnreadCount()
[Method: GET, Route: notification/unread-count]
in APPPATH\Models\Notification_model.php on line 34.
 1 [internal function]: CodeIgniter\Debug\Exceptions->shutdownHandler()
ERROR - 2024-11-22 13:45:41 --> Student ID/Username not found: supremopkv
CRITICAL - 2024-11-22 14:00:39 --> ErrorException: Cannot redeclare App\Controllers\NotificationController::markAsRead()
[Method: GET, Route: notification/unread-count]
in APPPATH\Controllers\NotificationController.php on line 53.
 1 [internal function]: CodeIgniter\Debug\Exceptions->shutdownHandler()
CRITICAL - 2024-11-22 14:01:05 --> BadMethodCallException: Call to undefined method App\Models\Notification_model::getUnread
[Method: GET, Route: notification/fetch-notifications]
in SYSTEMPATH\Model.php on line 932.
 1 APPPATH\Controllers\NotificationController.php(45): CodeIgniter\Model->__call('getUnread', [])
 2 SYSTEMPATH\CodeIgniter.php(933): App\Controllers\NotificationController->fetchNotifications()
 3 SYSTEMPATH\CodeIgniter.php(509): CodeIgniter\CodeIgniter->runController(Object(App\Controllers\NotificationController))
 4 SYSTEMPATH\CodeIgniter.php(355): CodeIgniter\CodeIgniter->handleRequest(null, Object(Config\Cache), false)
 5 SYSTEMPATH\Boot.php(325): CodeIgniter\CodeIgniter->run()
 6 SYSTEMPATH\Boot.php(67): CodeIgniter\Boot::runCodeIgniter(Object(CodeIgniter\CodeIgniter))
 7 FCPATH\index.php(57): CodeIgniter\Boot::bootWeb(Object(Config\Paths))
CRITICAL - 2024-11-22 14:01:06 --> BadMethodCallException: Call to undefined method App\Models\Notification_model::getUnread
[Method: GET, Route: notification/fetch-notifications]
in SYSTEMPATH\Model.php on line 932.
 1 APPPATH\Controllers\NotificationController.php(45): CodeIgniter\Model->__call('getUnread', [])
 2 SYSTEMPATH\CodeIgniter.php(933): App\Controllers\NotificationController->fetchNotifications()
 3 SYSTEMPATH\CodeIgniter.php(509): CodeIgniter\CodeIgniter->runController(Object(App\Controllers\NotificationController))
 4 SYSTEMPATH\CodeIgniter.php(355): CodeIgniter\CodeIgniter->handleRequest(null, Object(Config\Cache), false)
 5 SYSTEMPATH\Boot.php(325): CodeIgniter\CodeIgniter->run()
 6 SYSTEMPATH\Boot.php(67): CodeIgniter\Boot::runCodeIgniter(Object(CodeIgniter\CodeIgniter))
 7 FCPATH\index.php(57): CodeIgniter\Boot::bootWeb(Object(Config\Paths))
CRITICAL - 2024-11-22 14:01:09 --> BadMethodCallException: Call to undefined method App\Models\Notification_model::getUnread
[Method: GET, Route: notification/fetch-notifications]
in SYSTEMPATH\Model.php on line 932.
 1 APPPATH\Controllers\NotificationController.php(45): CodeIgniter\Model->__call('getUnread', [])
 2 SYSTEMPATH\CodeIgniter.php(933): App\Controllers\NotificationController->fetchNotifications()
 3 SYSTEMPATH\CodeIgniter.php(509): CodeIgniter\CodeIgniter->runController(Object(App\Controllers\NotificationController))
 4 SYSTEMPATH\CodeIgniter.php(355): CodeIgniter\CodeIgniter->handleRequest(null, Object(Config\Cache), false)
 5 SYSTEMPATH\Boot.php(325): CodeIgniter\CodeIgniter->run()
 6 SYSTEMPATH\Boot.php(67): CodeIgniter\Boot::runCodeIgniter(Object(CodeIgniter\CodeIgniter))
 7 FCPATH\index.php(57): CodeIgniter\Boot::bootWeb(Object(Config\Paths))
CRITICAL - 2024-11-22 14:01:09 --> BadMethodCallException: Call to undefined method App\Models\Notification_model::getUnread
[Method: GET, Route: notification/fetch-notifications]
in SYSTEMPATH\Model.php on line 932.
 1 APPPATH\Controllers\NotificationController.php(45): CodeIgniter\Model->__call('getUnread', [])
 2 SYSTEMPATH\CodeIgniter.php(933): App\Controllers\NotificationController->fetchNotifications()
 3 SYSTEMPATH\CodeIgniter.php(509): CodeIgniter\CodeIgniter->runController(Object(App\Controllers\NotificationController))
 4 SYSTEMPATH\CodeIgniter.php(355): CodeIgniter\CodeIgniter->handleRequest(null, Object(Config\Cache), false)
 5 SYSTEMPATH\Boot.php(325): CodeIgniter\CodeIgniter->run()
 6 SYSTEMPATH\Boot.php(67): CodeIgniter\Boot::runCodeIgniter(Object(CodeIgniter\CodeIgniter))
 7 FCPATH\index.php(57): CodeIgniter\Boot::bootWeb(Object(Config\Paths))
ERROR - 2024-11-22 14:03:33 --> mysqli_sql_exception: Unknown column 'updated_at' in 'field list' in C:\laragon\www\library_system\system\Database\MySQLi\Connection.php:312
Stack trace:
#0 C:\laragon\www\library_system\system\Database\MySQLi\Connection.php(312): mysqli->query('UPDATE `notific...', 0)
#1 C:\laragon\www\library_system\system\Database\BaseConnection.php(734): CodeIgniter\Database\MySQLi\Connection->execute('UPDATE `notific...')
#2 C:\laragon\www\library_system\system\Database\BaseConnection.php(648): CodeIgniter\Database\BaseConnection->simpleQuery('UPDATE `notific...')
#3 C:\laragon\www\library_system\system\Database\BaseBuilder.php(2516): CodeIgniter\Database\BaseConnection->query('UPDATE `notific...', Array, false)
#4 C:\laragon\www\library_system\system\Model.php(461): CodeIgniter\Database\BaseBuilder->update()
#5 C:\laragon\www\library_system\system\BaseModel.php(1028): CodeIgniter\Model->doUpdate(NULL, Array)
#6 C:\laragon\www\library_system\system\Model.php(865): CodeIgniter\BaseModel->update(NULL, Array)
#7 C:\laragon\www\library_system\app\Models\Notification_model.php(26): CodeIgniter\Model->update()
#8 C:\laragon\www\library_system\app\Controllers\NotificationController.php(32): App\Models\Notification_model->updateStatusToRead('76')
#9 C:\laragon\www\library_system\system\CodeIgniter.php(933): App\Controllers\NotificationController->markAsRead()
#10 C:\laragon\www\library_system\system\CodeIgniter.php(509): CodeIgniter\CodeIgniter->runController(Object(App\Controllers\NotificationController))
#11 C:\laragon\www\library_system\system\CodeIgniter.php(355): CodeIgniter\CodeIgniter->handleRequest(NULL, Object(Config\Cache), false)
#12 C:\laragon\www\library_system\system\Boot.php(325): CodeIgniter\CodeIgniter->run()
#13 C:\laragon\www\library_system\system\Boot.php(67): CodeIgniter\Boot::runCodeIgniter(Object(CodeIgniter\CodeIgniter))
#14 C:\laragon\www\library_system\index.php(57): CodeIgniter\Boot::bootWeb(Object(Config\Paths))
#15 {main}
ERROR - 2024-11-22 14:03:34 --> mysqli_sql_exception: Unknown column 'updated_at' in 'field list' in C:\laragon\www\library_system\system\Database\MySQLi\Connection.php:312
Stack trace:
#0 C:\laragon\www\library_system\system\Database\MySQLi\Connection.php(312): mysqli->query('UPDATE `notific...', 0)
#1 C:\laragon\www\library_system\system\Database\BaseConnection.php(734): CodeIgniter\Database\MySQLi\Connection->execute('UPDATE `notific...')
#2 C:\laragon\www\library_system\system\Database\BaseConnection.php(648): CodeIgniter\Database\BaseConnection->simpleQuery('UPDATE `notific...')
#3 C:\laragon\www\library_system\system\Database\BaseBuilder.php(2516): CodeIgniter\Database\BaseConnection->query('UPDATE `notific...', Array, false)
#4 C:\laragon\www\library_system\system\Model.php(461): CodeIgniter\Database\BaseBuilder->update()
#5 C:\laragon\www\library_system\system\BaseModel.php(1028): CodeIgniter\Model->doUpdate(NULL, Array)
#6 C:\laragon\www\library_system\system\Model.php(865): CodeIgniter\BaseModel->update(NULL, Array)
#7 C:\laragon\www\library_system\app\Models\Notification_model.php(26): CodeIgniter\Model->update()
#8 C:\laragon\www\library_system\app\Controllers\NotificationController.php(32): App\Models\Notification_model->updateStatusToRead('76')
#9 C:\laragon\www\library_system\system\CodeIgniter.php(933): App\Controllers\NotificationController->markAsRead()
#10 C:\laragon\www\library_system\system\CodeIgniter.php(509): CodeIgniter\CodeIgniter->runController(Object(App\Controllers\NotificationController))
#11 C:\laragon\www\library_system\system\CodeIgniter.php(355): CodeIgniter\CodeIgniter->handleRequest(NULL, Object(Config\Cache), false)
#12 C:\laragon\www\library_system\system\Boot.php(325): CodeIgniter\CodeIgniter->run()
#13 C:\laragon\www\library_system\system\Boot.php(67): CodeIgniter\Boot::runCodeIgniter(Object(CodeIgniter\CodeIgniter))
#14 C:\laragon\www\library_system\index.php(57): CodeIgniter\Boot::bootWeb(Object(Config\Paths))
#15 {main}
ERROR - 2024-11-22 14:03:34 --> mysqli_sql_exception: Unknown column 'updated_at' in 'field list' in C:\laragon\www\library_system\system\Database\MySQLi\Connection.php:312
Stack trace:
#0 C:\laragon\www\library_system\system\Database\MySQLi\Connection.php(312): mysqli->query('UPDATE `notific...', 0)
#1 C:\laragon\www\library_system\system\Database\BaseConnection.php(734): CodeIgniter\Database\MySQLi\Connection->execute('UPDATE `notific...')
#2 C:\laragon\www\library_system\system\Database\BaseConnection.php(648): CodeIgniter\Database\BaseConnection->simpleQuery('UPDATE `notific...')
#3 C:\laragon\www\library_system\system\Database\BaseBuilder.php(2516): CodeIgniter\Database\BaseConnection->query('UPDATE `notific...', Array, false)
#4 C:\laragon\www\library_system\system\Model.php(461): CodeIgniter\Database\BaseBuilder->update()
#5 C:\laragon\www\library_system\system\BaseModel.php(1028): CodeIgniter\Model->doUpdate(NULL, Array)
#6 C:\laragon\www\library_system\system\Model.php(865): CodeIgniter\BaseModel->update(NULL, Array)
#7 C:\laragon\www\library_system\app\Models\Notification_model.php(26): CodeIgniter\Model->update()
#8 C:\laragon\www\library_system\app\Controllers\NotificationController.php(32): App\Models\Notification_model->updateStatusToRead('76')
#9 C:\laragon\www\library_system\system\CodeIgniter.php(933): App\Controllers\NotificationController->markAsRead()
#10 C:\laragon\www\library_system\system\CodeIgniter.php(509): CodeIgniter\CodeIgniter->runController(Object(App\Controllers\NotificationController))
#11 C:\laragon\www\library_system\system\CodeIgniter.php(355): CodeIgniter\CodeIgniter->handleRequest(NULL, Object(Config\Cache), false)
#12 C:\laragon\www\library_system\system\Boot.php(325): CodeIgniter\CodeIgniter->run()
#13 C:\laragon\www\library_system\system\Boot.php(67): CodeIgniter\Boot::runCodeIgniter(Object(CodeIgniter\CodeIgniter))
#14 C:\laragon\www\library_system\index.php(57): CodeIgniter\Boot::bootWeb(Object(Config\Paths))
#15 {main}
ERROR - 2024-11-22 14:03:35 --> mysqli_sql_exception: Unknown column 'updated_at' in 'field list' in C:\laragon\www\library_system\system\Database\MySQLi\Connection.php:312
Stack trace:
#0 C:\laragon\www\library_system\system\Database\MySQLi\Connection.php(312): mysqli->query('UPDATE `notific...', 0)
#1 C:\laragon\www\library_system\system\Database\BaseConnection.php(734): CodeIgniter\Database\MySQLi\Connection->execute('UPDATE `notific...')
#2 C:\laragon\www\library_system\system\Database\BaseConnection.php(648): CodeIgniter\Database\BaseConnection->simpleQuery('UPDATE `notific...')
#3 C:\laragon\www\library_system\system\Database\BaseBuilder.php(2516): CodeIgniter\Database\BaseConnection->query('UPDATE `notific...', Array, false)
#4 C:\laragon\www\library_system\system\Model.php(461): CodeIgniter\Database\BaseBuilder->update()
#5 C:\laragon\www\library_system\system\BaseModel.php(1028): CodeIgniter\Model->doUpdate(NULL, Array)
#6 C:\laragon\www\library_system\system\Model.php(865): CodeIgniter\BaseModel->update(NULL, Array)
#7 C:\laragon\www\library_system\app\Models\Notification_model.php(26): CodeIgniter\Model->update()
#8 C:\laragon\www\library_system\app\Controllers\NotificationController.php(32): App\Models\Notification_model->updateStatusToRead('76')
#9 C:\laragon\www\library_system\system\CodeIgniter.php(933): App\Controllers\NotificationController->markAsRead()
#10 C:\laragon\www\library_system\system\CodeIgniter.php(509): CodeIgniter\CodeIgniter->runController(Object(App\Controllers\NotificationController))
#11 C:\laragon\www\library_system\system\CodeIgniter.php(355): CodeIgniter\CodeIgniter->handleRequest(NULL, Object(Config\Cache), false)
#12 C:\laragon\www\library_system\system\Boot.php(325): CodeIgniter\CodeIgniter->run()
#13 C:\laragon\www\library_system\system\Boot.php(67): CodeIgniter\Boot::runCodeIgniter(Object(CodeIgniter\CodeIgniter))
#14 C:\laragon\www\library_system\index.php(57): CodeIgniter\Boot::bootWeb(Object(Config\Paths))
#15 {main}
ERROR - 2024-11-22 14:03:36 --> mysqli_sql_exception: Unknown column 'updated_at' in 'field list' in C:\laragon\www\library_system\system\Database\MySQLi\Connection.php:312
Stack trace:
#0 C:\laragon\www\library_system\system\Database\MySQLi\Connection.php(312): mysqli->query('UPDATE `notific...', 0)
#1 C:\laragon\www\library_system\system\Database\BaseConnection.php(734): CodeIgniter\Database\MySQLi\Connection->execute('UPDATE `notific...')
#2 C:\laragon\www\library_system\system\Database\BaseConnection.php(648): CodeIgniter\Database\BaseConnection->simpleQuery('UPDATE `notific...')
#3 C:\laragon\www\library_system\system\Database\BaseBuilder.php(2516): CodeIgniter\Database\BaseConnection->query('UPDATE `notific...', Array, false)
#4 C:\laragon\www\library_system\system\Model.php(461): CodeIgniter\Database\BaseBuilder->update()
#5 C:\laragon\www\library_system\system\BaseModel.php(1028): CodeIgniter\Model->doUpdate(NULL, Array)
#6 C:\laragon\www\library_system\system\Model.php(865): CodeIgniter\BaseModel->update(NULL, Array)
#7 C:\laragon\www\library_system\app\Models\Notification_model.php(26): CodeIgniter\Model->update()
#8 C:\laragon\www\library_system\app\Controllers\NotificationController.php(32): App\Models\Notification_model->updateStatusToRead('76')
#9 C:\laragon\www\library_system\system\CodeIgniter.php(933): App\Controllers\NotificationController->markAsRead()
#10 C:\laragon\www\library_system\system\CodeIgniter.php(509): CodeIgniter\CodeIgniter->runController(Object(App\Controllers\NotificationController))
#11 C:\laragon\www\library_system\system\CodeIgniter.php(355): CodeIgniter\CodeIgniter->handleRequest(NULL, Object(Config\Cache), false)
#12 C:\laragon\www\library_system\system\Boot.php(325): CodeIgniter\CodeIgniter->run()
#13 C:\laragon\www\library_system\system\Boot.php(67): CodeIgniter\Boot::runCodeIgniter(Object(CodeIgniter\CodeIgniter))
#14 C:\laragon\www\library_system\index.php(57): CodeIgniter\Boot::bootWeb(Object(Config\Paths))
#15 {main}
ERROR - 2024-11-22 14:03:38 --> mysqli_sql_exception: Unknown column 'updated_at' in 'field list' in C:\laragon\www\library_system\system\Database\MySQLi\Connection.php:312
Stack trace:
#0 C:\laragon\www\library_system\system\Database\MySQLi\Connection.php(312): mysqli->query('UPDATE `notific...', 0)
#1 C:\laragon\www\library_system\system\Database\BaseConnection.php(734): CodeIgniter\Database\MySQLi\Connection->execute('UPDATE `notific...')
#2 C:\laragon\www\library_system\system\Database\BaseConnection.php(648): CodeIgniter\Database\BaseConnection->simpleQuery('UPDATE `notific...')
#3 C:\laragon\www\library_system\system\Database\BaseBuilder.php(2516): CodeIgniter\Database\BaseConnection->query('UPDATE `notific...', Array, false)
#4 C:\laragon\www\library_system\system\Model.php(461): CodeIgniter\Database\BaseBuilder->update()
#5 C:\laragon\www\library_system\system\BaseModel.php(1028): CodeIgniter\Model->doUpdate(NULL, Array)
#6 C:\laragon\www\library_system\system\Model.php(865): CodeIgniter\BaseModel->update(NULL, Array)
#7 C:\laragon\www\library_system\app\Models\Notification_model.php(26): CodeIgniter\Model->update()
#8 C:\laragon\www\library_system\app\Controllers\NotificationController.php(32): App\Models\Notification_model->updateStatusToRead('76')
#9 C:\laragon\www\library_system\system\CodeIgniter.php(933): App\Controllers\NotificationController->markAsRead()
#10 C:\laragon\www\library_system\system\CodeIgniter.php(509): CodeIgniter\CodeIgniter->runController(Object(App\Controllers\NotificationController))
#11 C:\laragon\www\library_system\system\CodeIgniter.php(355): CodeIgniter\CodeIgniter->handleRequest(NULL, Object(Config\Cache), false)
#12 C:\laragon\www\library_system\system\Boot.php(325): CodeIgniter\CodeIgniter->run()
#13 C:\laragon\www\library_system\system\Boot.php(67): CodeIgniter\Boot::runCodeIgniter(Object(CodeIgniter\CodeIgniter))
#14 C:\laragon\www\library_system\index.php(57): CodeIgniter\Boot::bootWeb(Object(Config\Paths))
#15 {main}
ERROR - 2024-11-22 14:03:38 --> mysqli_sql_exception: Unknown column 'updated_at' in 'field list' in C:\laragon\www\library_system\system\Database\MySQLi\Connection.php:312
Stack trace:
#0 C:\laragon\www\library_system\system\Database\MySQLi\Connection.php(312): mysqli->query('UPDATE `notific...', 0)
#1 C:\laragon\www\library_system\system\Database\BaseConnection.php(734): CodeIgniter\Database\MySQLi\Connection->execute('UPDATE `notific...')
#2 C:\laragon\www\library_system\system\Database\BaseConnection.php(648): CodeIgniter\Database\BaseConnection->simpleQuery('UPDATE `notific...')
#3 C:\laragon\www\library_system\system\Database\BaseBuilder.php(2516): CodeIgniter\Database\BaseConnection->query('UPDATE `notific...', Array, false)
#4 C:\laragon\www\library_system\system\Model.php(461): CodeIgniter\Database\BaseBuilder->update()
#5 C:\laragon\www\library_system\system\BaseModel.php(1028): CodeIgniter\Model->doUpdate(NULL, Array)
#6 C:\laragon\www\library_system\system\Model.php(865): CodeIgniter\BaseModel->update(NULL, Array)
#7 C:\laragon\www\library_system\app\Models\Notification_model.php(26): CodeIgniter\Model->update()
#8 C:\laragon\www\library_system\app\Controllers\NotificationController.php(32): App\Models\Notification_model->updateStatusToRead('76')
#9 C:\laragon\www\library_system\system\CodeIgniter.php(933): App\Controllers\NotificationController->markAsRead()
#10 C:\laragon\www\library_system\system\CodeIgniter.php(509): CodeIgniter\CodeIgniter->runController(Object(App\Controllers\NotificationController))
#11 C:\laragon\www\library_system\system\CodeIgniter.php(355): CodeIgniter\CodeIgniter->handleRequest(NULL, Object(Config\Cache), false)
#12 C:\laragon\www\library_system\system\Boot.php(325): CodeIgniter\CodeIgniter->run()
#13 C:\laragon\www\library_system\system\Boot.php(67): CodeIgniter\Boot::runCodeIgniter(Object(CodeIgniter\CodeIgniter))
#14 C:\laragon\www\library_system\index.php(57): CodeIgniter\Boot::bootWeb(Object(Config\Paths))
#15 {main}
ERROR - 2024-11-22 14:03:39 --> mysqli_sql_exception: Unknown column 'updated_at' in 'field list' in C:\laragon\www\library_system\system\Database\MySQLi\Connection.php:312
Stack trace:
#0 C:\laragon\www\library_system\system\Database\MySQLi\Connection.php(312): mysqli->query('UPDATE `notific...', 0)
#1 C:\laragon\www\library_system\system\Database\BaseConnection.php(734): CodeIgniter\Database\MySQLi\Connection->execute('UPDATE `notific...')
#2 C:\laragon\www\library_system\system\Database\BaseConnection.php(648): CodeIgniter\Database\BaseConnection->simpleQuery('UPDATE `notific...')
#3 C:\laragon\www\library_system\system\Database\BaseBuilder.php(2516): CodeIgniter\Database\BaseConnection->query('UPDATE `notific...', Array, false)
#4 C:\laragon\www\library_system\system\Model.php(461): CodeIgniter\Database\BaseBuilder->update()
#5 C:\laragon\www\library_system\system\BaseModel.php(1028): CodeIgniter\Model->doUpdate(NULL, Array)
#6 C:\laragon\www\library_system\system\Model.php(865): CodeIgniter\BaseModel->update(NULL, Array)
#7 C:\laragon\www\library_system\app\Models\Notification_model.php(26): CodeIgniter\Model->update()
#8 C:\laragon\www\library_system\app\Controllers\NotificationController.php(32): App\Models\Notification_model->updateStatusToRead('76')
#9 C:\laragon\www\library_system\system\CodeIgniter.php(933): App\Controllers\NotificationController->markAsRead()
#10 C:\laragon\www\library_system\system\CodeIgniter.php(509): CodeIgniter\CodeIgniter->runController(Object(App\Controllers\NotificationController))
#11 C:\laragon\www\library_system\system\CodeIgniter.php(355): CodeIgniter\CodeIgniter->handleRequest(NULL, Object(Config\Cache), false)
#12 C:\laragon\www\library_system\system\Boot.php(325): CodeIgniter\CodeIgniter->run()
#13 C:\laragon\www\library_system\system\Boot.php(67): CodeIgniter\Boot::runCodeIgniter(Object(CodeIgniter\CodeIgniter))
#14 C:\laragon\www\library_system\index.php(57): CodeIgniter\Boot::bootWeb(Object(Config\Paths))
#15 {main}
ERROR - 2024-11-22 14:03:39 --> mysqli_sql_exception: Unknown column 'updated_at' in 'field list' in C:\laragon\www\library_system\system\Database\MySQLi\Connection.php:312
Stack trace:
#0 C:\laragon\www\library_system\system\Database\MySQLi\Connection.php(312): mysqli->query('UPDATE `notific...', 0)
#1 C:\laragon\www\library_system\system\Database\BaseConnection.php(734): CodeIgniter\Database\MySQLi\Connection->execute('UPDATE `notific...')
#2 C:\laragon\www\library_system\system\Database\BaseConnection.php(648): CodeIgniter\Database\BaseConnection->simpleQuery('UPDATE `notific...')
#3 C:\laragon\www\library_system\system\Database\BaseBuilder.php(2516): CodeIgniter\Database\BaseConnection->query('UPDATE `notific...', Array, false)
#4 C:\laragon\www\library_system\system\Model.php(461): CodeIgniter\Database\BaseBuilder->update()
#5 C:\laragon\www\library_system\system\BaseModel.php(1028): CodeIgniter\Model->doUpdate(NULL, Array)
#6 C:\laragon\www\library_system\system\Model.php(865): CodeIgniter\BaseModel->update(NULL, Array)
#7 C:\laragon\www\library_system\app\Models\Notification_model.php(26): CodeIgniter\Model->update()
#8 C:\laragon\www\library_system\app\Controllers\NotificationController.php(32): App\Models\Notification_model->updateStatusToRead('76')
#9 C:\laragon\www\library_system\system\CodeIgniter.php(933): App\Controllers\NotificationController->markAsRead()
#10 C:\laragon\www\library_system\system\CodeIgniter.php(509): CodeIgniter\CodeIgniter->runController(Object(App\Controllers\NotificationController))
#11 C:\laragon\www\library_system\system\CodeIgniter.php(355): CodeIgniter\CodeIgniter->handleRequest(NULL, Object(Config\Cache), false)
#12 C:\laragon\www\library_system\system\Boot.php(325): CodeIgniter\CodeIgniter->run()
#13 C:\laragon\www\library_system\system\Boot.php(67): CodeIgniter\Boot::runCodeIgniter(Object(CodeIgniter\CodeIgniter))
#14 C:\laragon\www\library_system\index.php(57): CodeIgniter\Boot::bootWeb(Object(Config\Paths))
#15 {main}
ERROR - 2024-11-22 14:03:40 --> mysqli_sql_exception: Unknown column 'updated_at' in 'field list' in C:\laragon\www\library_system\system\Database\MySQLi\Connection.php:312
Stack trace:
#0 C:\laragon\www\library_system\system\Database\MySQLi\Connection.php(312): mysqli->query('UPDATE `notific...', 0)
#1 C:\laragon\www\library_system\system\Database\BaseConnection.php(734): CodeIgniter\Database\MySQLi\Connection->execute('UPDATE `notific...')
#2 C:\laragon\www\library_system\system\Database\BaseConnection.php(648): CodeIgniter\Database\BaseConnection->simpleQuery('UPDATE `notific...')
#3 C:\laragon\www\library_system\system\Database\BaseBuilder.php(2516): CodeIgniter\Database\BaseConnection->query('UPDATE `notific...', Array, false)
#4 C:\laragon\www\library_system\system\Model.php(461): CodeIgniter\Database\BaseBuilder->update()
#5 C:\laragon\www\library_system\system\BaseModel.php(1028): CodeIgniter\Model->doUpdate(NULL, Array)
#6 C:\laragon\www\library_system\system\Model.php(865): CodeIgniter\BaseModel->update(NULL, Array)
#7 C:\laragon\www\library_system\app\Models\Notification_model.php(26): CodeIgniter\Model->update()
#8 C:\laragon\www\library_system\app\Controllers\NotificationController.php(32): App\Models\Notification_model->updateStatusToRead('76')
#9 C:\laragon\www\library_system\system\CodeIgniter.php(933): App\Controllers\NotificationController->markAsRead()
#10 C:\laragon\www\library_system\system\CodeIgniter.php(509): CodeIgniter\CodeIgniter->runController(Object(App\Controllers\NotificationController))
#11 C:\laragon\www\library_system\system\CodeIgniter.php(355): CodeIgniter\CodeIgniter->handleRequest(NULL, Object(Config\Cache), false)
#12 C:\laragon\www\library_system\system\Boot.php(325): CodeIgniter\CodeIgniter->run()
#13 C:\laragon\www\library_system\system\Boot.php(67): CodeIgniter\Boot::runCodeIgniter(Object(CodeIgniter\CodeIgniter))
#14 C:\laragon\www\library_system\index.php(57): CodeIgniter\Boot::bootWeb(Object(Config\Paths))
#15 {main}
ERROR - 2024-11-22 14:03:40 --> mysqli_sql_exception: Unknown column 'updated_at' in 'field list' in C:\laragon\www\library_system\system\Database\MySQLi\Connection.php:312
Stack trace:
#0 C:\laragon\www\library_system\system\Database\MySQLi\Connection.php(312): mysqli->query('UPDATE `notific...', 0)
#1 C:\laragon\www\library_system\system\Database\BaseConnection.php(734): CodeIgniter\Database\MySQLi\Connection->execute('UPDATE `notific...')
#2 C:\laragon\www\library_system\system\Database\BaseConnection.php(648): CodeIgniter\Database\BaseConnection->simpleQuery('UPDATE `notific...')
#3 C:\laragon\www\library_system\system\Database\BaseBuilder.php(2516): CodeIgniter\Database\BaseConnection->query('UPDATE `notific...', Array, false)
#4 C:\laragon\www\library_system\system\Model.php(461): CodeIgniter\Database\BaseBuilder->update()
#5 C:\laragon\www\library_system\system\BaseModel.php(1028): CodeIgniter\Model->doUpdate(NULL, Array)
#6 C:\laragon\www\library_system\system\Model.php(865): CodeIgniter\BaseModel->update(NULL, Array)
#7 C:\laragon\www\library_system\app\Models\Notification_model.php(26): CodeIgniter\Model->update()
#8 C:\laragon\www\library_system\app\Controllers\NotificationController.php(32): App\Models\Notification_model->updateStatusToRead('76')
#9 C:\laragon\www\library_system\system\CodeIgniter.php(933): App\Controllers\NotificationController->markAsRead()
#10 C:\laragon\www\library_system\system\CodeIgniter.php(509): CodeIgniter\CodeIgniter->runController(Object(App\Controllers\NotificationController))
#11 C:\laragon\www\library_system\system\CodeIgniter.php(355): CodeIgniter\CodeIgniter->handleRequest(NULL, Object(Config\Cache), false)
#12 C:\laragon\www\library_system\system\Boot.php(325): CodeIgniter\CodeIgniter->run()
#13 C:\laragon\www\library_system\system\Boot.php(67): CodeIgniter\Boot::runCodeIgniter(Object(CodeIgniter\CodeIgniter))
#14 C:\laragon\www\library_system\index.php(57): CodeIgniter\Boot::bootWeb(Object(Config\Paths))
#15 {main}
ERROR - 2024-11-22 14:03:41 --> mysqli_sql_exception: Unknown column 'updated_at' in 'field list' in C:\laragon\www\library_system\system\Database\MySQLi\Connection.php:312
Stack trace:
#0 C:\laragon\www\library_system\system\Database\MySQLi\Connection.php(312): mysqli->query('UPDATE `notific...', 0)
#1 C:\laragon\www\library_system\system\Database\BaseConnection.php(734): CodeIgniter\Database\MySQLi\Connection->execute('UPDATE `notific...')
#2 C:\laragon\www\library_system\system\Database\BaseConnection.php(648): CodeIgniter\Database\BaseConnection->simpleQuery('UPDATE `notific...')
#3 C:\laragon\www\library_system\system\Database\BaseBuilder.php(2516): CodeIgniter\Database\BaseConnection->query('UPDATE `notific...', Array, false)
#4 C:\laragon\www\library_system\system\Model.php(461): CodeIgniter\Database\BaseBuilder->update()
#5 C:\laragon\www\library_system\system\BaseModel.php(1028): CodeIgniter\Model->doUpdate(NULL, Array)
#6 C:\laragon\www\library_system\system\Model.php(865): CodeIgniter\BaseModel->update(NULL, Array)
#7 C:\laragon\www\library_system\app\Models\Notification_model.php(26): CodeIgniter\Model->update()
#8 C:\laragon\www\library_system\app\Controllers\NotificationController.php(32): App\Models\Notification_model->updateStatusToRead('76')
#9 C:\laragon\www\library_system\system\CodeIgniter.php(933): App\Controllers\NotificationController->markAsRead()
#10 C:\laragon\www\library_system\system\CodeIgniter.php(509): CodeIgniter\CodeIgniter->runController(Object(App\Controllers\NotificationController))
#11 C:\laragon\www\library_system\system\CodeIgniter.php(355): CodeIgniter\CodeIgniter->handleRequest(NULL, Object(Config\Cache), false)
#12 C:\laragon\www\library_system\system\Boot.php(325): CodeIgniter\CodeIgniter->run()
#13 C:\laragon\www\library_system\system\Boot.php(67): CodeIgniter\Boot::runCodeIgniter(Object(CodeIgniter\CodeIgniter))
#14 C:\laragon\www\library_system\index.php(57): CodeIgniter\Boot::bootWeb(Object(Config\Paths))
#15 {main}
ERROR - 2024-11-22 14:04:00 --> mysqli_sql_exception: Unknown column 'updated_at' in 'field list' in C:\laragon\www\library_system\system\Database\MySQLi\Connection.php:312
Stack trace:
#0 C:\laragon\www\library_system\system\Database\MySQLi\Connection.php(312): mysqli->query('UPDATE `notific...', 0)
#1 C:\laragon\www\library_system\system\Database\BaseConnection.php(734): CodeIgniter\Database\MySQLi\Connection->execute('UPDATE `notific...')
#2 C:\laragon\www\library_system\system\Database\BaseConnection.php(648): CodeIgniter\Database\BaseConnection->simpleQuery('UPDATE `notific...')
#3 C:\laragon\www\library_system\system\Database\BaseBuilder.php(2516): CodeIgniter\Database\BaseConnection->query('UPDATE `notific...', Array, false)
#4 C:\laragon\www\library_system\system\Model.php(461): CodeIgniter\Database\BaseBuilder->update()
#5 C:\laragon\www\library_system\system\BaseModel.php(1028): CodeIgniter\Model->doUpdate(NULL, Array)
#6 C:\laragon\www\library_system\system\Model.php(865): CodeIgniter\BaseModel->update(NULL, Array)
#7 C:\laragon\www\library_system\app\Models\Notification_model.php(26): CodeIgniter\Model->update()
#8 C:\laragon\www\library_system\app\Controllers\NotificationController.php(32): App\Models\Notification_model->updateStatusToRead('77')
#9 C:\laragon\www\library_system\system\CodeIgniter.php(933): App\Controllers\NotificationController->markAsRead()
#10 C:\laragon\www\library_system\system\CodeIgniter.php(509): CodeIgniter\CodeIgniter->runController(Object(App\Controllers\NotificationController))
#11 C:\laragon\www\library_system\system\CodeIgniter.php(355): CodeIgniter\CodeIgniter->handleRequest(NULL, Object(Config\Cache), false)
#12 C:\laragon\www\library_system\system\Boot.php(325): CodeIgniter\CodeIgniter->run()
#13 C:\laragon\www\library_system\system\Boot.php(67): CodeIgniter\Boot::runCodeIgniter(Object(CodeIgniter\CodeIgniter))
#14 C:\laragon\www\library_system\index.php(57): CodeIgniter\Boot::bootWeb(Object(Config\Paths))
#15 {main}
ERROR - 2024-11-22 14:04:01 --> mysqli_sql_exception: Unknown column 'updated_at' in 'field list' in C:\laragon\www\library_system\system\Database\MySQLi\Connection.php:312
Stack trace:
#0 C:\laragon\www\library_system\system\Database\MySQLi\Connection.php(312): mysqli->query('UPDATE `notific...', 0)
#1 C:\laragon\www\library_system\system\Database\BaseConnection.php(734): CodeIgniter\Database\MySQLi\Connection->execute('UPDATE `notific...')
#2 C:\laragon\www\library_system\system\Database\BaseConnection.php(648): CodeIgniter\Database\BaseConnection->simpleQuery('UPDATE `notific...')
#3 C:\laragon\www\library_system\system\Database\BaseBuilder.php(2516): CodeIgniter\Database\BaseConnection->query('UPDATE `notific...', Array, false)
#4 C:\laragon\www\library_system\system\Model.php(461): CodeIgniter\Database\BaseBuilder->update()
#5 C:\laragon\www\library_system\system\BaseModel.php(1028): CodeIgniter\Model->doUpdate(NULL, Array)
#6 C:\laragon\www\library_system\system\Model.php(865): CodeIgniter\BaseModel->update(NULL, Array)
#7 C:\laragon\www\library_system\app\Models\Notification_model.php(26): CodeIgniter\Model->update()
#8 C:\laragon\www\library_system\app\Controllers\NotificationController.php(32): App\Models\Notification_model->updateStatusToRead('77')
#9 C:\laragon\www\library_system\system\CodeIgniter.php(933): App\Controllers\NotificationController->markAsRead()
#10 C:\laragon\www\library_system\system\CodeIgniter.php(509): CodeIgniter\CodeIgniter->runController(Object(App\Controllers\NotificationController))
#11 C:\laragon\www\library_system\system\CodeIgniter.php(355): CodeIgniter\CodeIgniter->handleRequest(NULL, Object(Config\Cache), false)
#12 C:\laragon\www\library_system\system\Boot.php(325): CodeIgniter\CodeIgniter->run()
#13 C:\laragon\www\library_system\system\Boot.php(67): CodeIgniter\Boot::runCodeIgniter(Object(CodeIgniter\CodeIgniter))
#14 C:\laragon\www\library_system\index.php(57): CodeIgniter\Boot::bootWeb(Object(Config\Paths))
#15 {main}
ERROR - 2024-11-22 14:04:01 --> mysqli_sql_exception: Unknown column 'updated_at' in 'field list' in C:\laragon\www\library_system\system\Database\MySQLi\Connection.php:312
Stack trace:
#0 C:\laragon\www\library_system\system\Database\MySQLi\Connection.php(312): mysqli->query('UPDATE `notific...', 0)
#1 C:\laragon\www\library_system\system\Database\BaseConnection.php(734): CodeIgniter\Database\MySQLi\Connection->execute('UPDATE `notific...')
#2 C:\laragon\www\library_system\system\Database\BaseConnection.php(648): CodeIgniter\Database\BaseConnection->simpleQuery('UPDATE `notific...')
#3 C:\laragon\www\library_system\system\Database\BaseBuilder.php(2516): CodeIgniter\Database\BaseConnection->query('UPDATE `notific...', Array, false)
#4 C:\laragon\www\library_system\system\Model.php(461): CodeIgniter\Database\BaseBuilder->update()
#5 C:\laragon\www\library_system\system\BaseModel.php(1028): CodeIgniter\Model->doUpdate(NULL, Array)
#6 C:\laragon\www\library_system\system\Model.php(865): CodeIgniter\BaseModel->update(NULL, Array)
#7 C:\laragon\www\library_system\app\Models\Notification_model.php(26): CodeIgniter\Model->update()
#8 C:\laragon\www\library_system\app\Controllers\NotificationController.php(32): App\Models\Notification_model->updateStatusToRead('77')
#9 C:\laragon\www\library_system\system\CodeIgniter.php(933): App\Controllers\NotificationController->markAsRead()
#10 C:\laragon\www\library_system\system\CodeIgniter.php(509): CodeIgniter\CodeIgniter->runController(Object(App\Controllers\NotificationController))
#11 C:\laragon\www\library_system\system\CodeIgniter.php(355): CodeIgniter\CodeIgniter->handleRequest(NULL, Object(Config\Cache), false)
#12 C:\laragon\www\library_system\system\Boot.php(325): CodeIgniter\CodeIgniter->run()
#13 C:\laragon\www\library_system\system\Boot.php(67): CodeIgniter\Boot::runCodeIgniter(Object(CodeIgniter\CodeIgniter))
#14 C:\laragon\www\library_system\index.php(57): CodeIgniter\Boot::bootWeb(Object(Config\Paths))
#15 {main}
ERROR - 2024-11-22 14:04:02 --> mysqli_sql_exception: Unknown column 'updated_at' in 'field list' in C:\laragon\www\library_system\system\Database\MySQLi\Connection.php:312
Stack trace:
#0 C:\laragon\www\library_system\system\Database\MySQLi\Connection.php(312): mysqli->query('UPDATE `notific...', 0)
#1 C:\laragon\www\library_system\system\Database\BaseConnection.php(734): CodeIgniter\Database\MySQLi\Connection->execute('UPDATE `notific...')
#2 C:\laragon\www\library_system\system\Database\BaseConnection.php(648): CodeIgniter\Database\BaseConnection->simpleQuery('UPDATE `notific...')
#3 C:\laragon\www\library_system\system\Database\BaseBuilder.php(2516): CodeIgniter\Database\BaseConnection->query('UPDATE `notific...', Array, false)
#4 C:\laragon\www\library_system\system\Model.php(461): CodeIgniter\Database\BaseBuilder->update()
#5 C:\laragon\www\library_system\system\BaseModel.php(1028): CodeIgniter\Model->doUpdate(NULL, Array)
#6 C:\laragon\www\library_system\system\Model.php(865): CodeIgniter\BaseModel->update(NULL, Array)
#7 C:\laragon\www\library_system\app\Models\Notification_model.php(26): CodeIgniter\Model->update()
#8 C:\laragon\www\library_system\app\Controllers\NotificationController.php(32): App\Models\Notification_model->updateStatusToRead('77')
#9 C:\laragon\www\library_system\system\CodeIgniter.php(933): App\Controllers\NotificationController->markAsRead()
#10 C:\laragon\www\library_system\system\CodeIgniter.php(509): CodeIgniter\CodeIgniter->runController(Object(App\Controllers\NotificationController))
#11 C:\laragon\www\library_system\system\CodeIgniter.php(355): CodeIgniter\CodeIgniter->handleRequest(NULL, Object(Config\Cache), false)
#12 C:\laragon\www\library_system\system\Boot.php(325): CodeIgniter\CodeIgniter->run()
#13 C:\laragon\www\library_system\system\Boot.php(67): CodeIgniter\Boot::runCodeIgniter(Object(CodeIgniter\CodeIgniter))
#14 C:\laragon\www\library_system\index.php(57): CodeIgniter\Boot::bootWeb(Object(Config\Paths))
#15 {main}
ERROR - 2024-11-22 14:04:44 --> mysqli_sql_exception: Unknown column 'updated_at' in 'field list' in C:\laragon\www\library_system\system\Database\MySQLi\Connection.php:312
Stack trace:
#0 C:\laragon\www\library_system\system\Database\MySQLi\Connection.php(312): mysqli->query('UPDATE `notific...', 0)
#1 C:\laragon\www\library_system\system\Database\BaseConnection.php(734): CodeIgniter\Database\MySQLi\Connection->execute('UPDATE `notific...')
#2 C:\laragon\www\library_system\system\Database\BaseConnection.php(648): CodeIgniter\Database\BaseConnection->simpleQuery('UPDATE `notific...')
#3 C:\laragon\www\library_system\system\Database\BaseBuilder.php(2516): CodeIgniter\Database\BaseConnection->query('UPDATE `notific...', Array, false)
#4 C:\laragon\www\library_system\system\Model.php(461): CodeIgniter\Database\BaseBuilder->update()
#5 C:\laragon\www\library_system\system\BaseModel.php(1028): CodeIgniter\Model->doUpdate(NULL, Array)
#6 C:\laragon\www\library_system\system\Model.php(865): CodeIgniter\BaseModel->update(NULL, Array)
#7 C:\laragon\www\library_system\app\Models\Notification_model.php(26): CodeIgniter\Model->update()
#8 C:\laragon\www\library_system\app\Controllers\NotificationController.php(32): App\Models\Notification_model->updateStatusToRead('76')
#9 C:\laragon\www\library_system\system\CodeIgniter.php(933): App\Controllers\NotificationController->markAsRead()
#10 C:\laragon\www\library_system\system\CodeIgniter.php(509): CodeIgniter\CodeIgniter->runController(Object(App\Controllers\NotificationController))
#11 C:\laragon\www\library_system\system\CodeIgniter.php(355): CodeIgniter\CodeIgniter->handleRequest(NULL, Object(Config\Cache), false)
#12 C:\laragon\www\library_system\system\Boot.php(325): CodeIgniter\CodeIgniter->run()
#13 C:\laragon\www\library_system\system\Boot.php(67): CodeIgniter\Boot::runCodeIgniter(Object(CodeIgniter\CodeIgniter))
#14 C:\laragon\www\library_system\index.php(57): CodeIgniter\Boot::bootWeb(Object(Config\Paths))
#15 {main}
ERROR - 2024-11-22 14:04:44 --> mysqli_sql_exception: Unknown column 'updated_at' in 'field list' in C:\laragon\www\library_system\system\Database\MySQLi\Connection.php:312
Stack trace:
#0 C:\laragon\www\library_system\system\Database\MySQLi\Connection.php(312): mysqli->query('UPDATE `notific...', 0)
#1 C:\laragon\www\library_system\system\Database\BaseConnection.php(734): CodeIgniter\Database\MySQLi\Connection->execute('UPDATE `notific...')
#2 C:\laragon\www\library_system\system\Database\BaseConnection.php(648): CodeIgniter\Database\BaseConnection->simpleQuery('UPDATE `notific...')
#3 C:\laragon\www\library_system\system\Database\BaseBuilder.php(2516): CodeIgniter\Database\BaseConnection->query('UPDATE `notific...', Array, false)
#4 C:\laragon\www\library_system\system\Model.php(461): CodeIgniter\Database\BaseBuilder->update()
#5 C:\laragon\www\library_system\system\BaseModel.php(1028): CodeIgniter\Model->doUpdate(NULL, Array)
#6 C:\laragon\www\library_system\system\Model.php(865): CodeIgniter\BaseModel->update(NULL, Array)
#7 C:\laragon\www\library_system\app\Models\Notification_model.php(26): CodeIgniter\Model->update()
#8 C:\laragon\www\library_system\app\Controllers\NotificationController.php(32): App\Models\Notification_model->updateStatusToRead('76')
#9 C:\laragon\www\library_system\system\CodeIgniter.php(933): App\Controllers\NotificationController->markAsRead()
#10 C:\laragon\www\library_system\system\CodeIgniter.php(509): CodeIgniter\CodeIgniter->runController(Object(App\Controllers\NotificationController))
#11 C:\laragon\www\library_system\system\CodeIgniter.php(355): CodeIgniter\CodeIgniter->handleRequest(NULL, Object(Config\Cache), false)
#12 C:\laragon\www\library_system\system\Boot.php(325): CodeIgniter\CodeIgniter->run()
#13 C:\laragon\www\library_system\system\Boot.php(67): CodeIgniter\Boot::runCodeIgniter(Object(CodeIgniter\CodeIgniter))
#14 C:\laragon\www\library_system\index.php(57): CodeIgniter\Boot::bootWeb(Object(Config\Paths))
#15 {main}
ERROR - 2024-11-22 14:04:45 --> mysqli_sql_exception: Unknown column 'updated_at' in 'field list' in C:\laragon\www\library_system\system\Database\MySQLi\Connection.php:312
Stack trace:
#0 C:\laragon\www\library_system\system\Database\MySQLi\Connection.php(312): mysqli->query('UPDATE `notific...', 0)
#1 C:\laragon\www\library_system\system\Database\BaseConnection.php(734): CodeIgniter\Database\MySQLi\Connection->execute('UPDATE `notific...')
#2 C:\laragon\www\library_system\system\Database\BaseConnection.php(648): CodeIgniter\Database\BaseConnection->simpleQuery('UPDATE `notific...')
#3 C:\laragon\www\library_system\system\Database\BaseBuilder.php(2516): CodeIgniter\Database\BaseConnection->query('UPDATE `notific...', Array, false)
#4 C:\laragon\www\library_system\system\Model.php(461): CodeIgniter\Database\BaseBuilder->update()
#5 C:\laragon\www\library_system\system\BaseModel.php(1028): CodeIgniter\Model->doUpdate(NULL, Array)
#6 C:\laragon\www\library_system\system\Model.php(865): CodeIgniter\BaseModel->update(NULL, Array)
#7 C:\laragon\www\library_system\app\Models\Notification_model.php(26): CodeIgniter\Model->update()
#8 C:\laragon\www\library_system\app\Controllers\NotificationController.php(32): App\Models\Notification_model->updateStatusToRead('76')
#9 C:\laragon\www\library_system\system\CodeIgniter.php(933): App\Controllers\NotificationController->markAsRead()
#10 C:\laragon\www\library_system\system\CodeIgniter.php(509): CodeIgniter\CodeIgniter->runController(Object(App\Controllers\NotificationController))
#11 C:\laragon\www\library_system\system\CodeIgniter.php(355): CodeIgniter\CodeIgniter->handleRequest(NULL, Object(Config\Cache), false)
#12 C:\laragon\www\library_system\system\Boot.php(325): CodeIgniter\CodeIgniter->run()
#13 C:\laragon\www\library_system\system\Boot.php(67): CodeIgniter\Boot::runCodeIgniter(Object(CodeIgniter\CodeIgniter))
#14 C:\laragon\www\library_system\index.php(57): CodeIgniter\Boot::bootWeb(Object(Config\Paths))
#15 {main}
ERROR - 2024-11-22 14:04:45 --> mysqli_sql_exception: Unknown column 'updated_at' in 'field list' in C:\laragon\www\library_system\system\Database\MySQLi\Connection.php:312
Stack trace:
#0 C:\laragon\www\library_system\system\Database\MySQLi\Connection.php(312): mysqli->query('UPDATE `notific...', 0)
#1 C:\laragon\www\library_system\system\Database\BaseConnection.php(734): CodeIgniter\Database\MySQLi\Connection->execute('UPDATE `notific...')
#2 C:\laragon\www\library_system\system\Database\BaseConnection.php(648): CodeIgniter\Database\BaseConnection->simpleQuery('UPDATE `notific...')
#3 C:\laragon\www\library_system\system\Database\BaseBuilder.php(2516): CodeIgniter\Database\BaseConnection->query('UPDATE `notific...', Array, false)
#4 C:\laragon\www\library_system\system\Model.php(461): CodeIgniter\Database\BaseBuilder->update()
#5 C:\laragon\www\library_system\system\BaseModel.php(1028): CodeIgniter\Model->doUpdate(NULL, Array)
#6 C:\laragon\www\library_system\system\Model.php(865): CodeIgniter\BaseModel->update(NULL, Array)
#7 C:\laragon\www\library_system\app\Models\Notification_model.php(26): CodeIgniter\Model->update()
#8 C:\laragon\www\library_system\app\Controllers\NotificationController.php(32): App\Models\Notification_model->updateStatusToRead('76')
#9 C:\laragon\www\library_system\system\CodeIgniter.php(933): App\Controllers\NotificationController->markAsRead()
#10 C:\laragon\www\library_system\system\CodeIgniter.php(509): CodeIgniter\CodeIgniter->runController(Object(App\Controllers\NotificationController))
#11 C:\laragon\www\library_system\system\CodeIgniter.php(355): CodeIgniter\CodeIgniter->handleRequest(NULL, Object(Config\Cache), false)
#12 C:\laragon\www\library_system\system\Boot.php(325): CodeIgniter\CodeIgniter->run()
#13 C:\laragon\www\library_system\system\Boot.php(67): CodeIgniter\Boot::runCodeIgniter(Object(CodeIgniter\CodeIgniter))
#14 C:\laragon\www\library_system\index.php(57): CodeIgniter\Boot::bootWeb(Object(Config\Paths))
#15 {main}
ERROR - 2024-11-22 14:04:46 --> mysqli_sql_exception: Unknown column 'updated_at' in 'field list' in C:\laragon\www\library_system\system\Database\MySQLi\Connection.php:312
Stack trace:
#0 C:\laragon\www\library_system\system\Database\MySQLi\Connection.php(312): mysqli->query('UPDATE `notific...', 0)
#1 C:\laragon\www\library_system\system\Database\BaseConnection.php(734): CodeIgniter\Database\MySQLi\Connection->execute('UPDATE `notific...')
#2 C:\laragon\www\library_system\system\Database\BaseConnection.php(648): CodeIgniter\Database\BaseConnection->simpleQuery('UPDATE `notific...')
#3 C:\laragon\www\library_system\system\Database\BaseBuilder.php(2516): CodeIgniter\Database\BaseConnection->query('UPDATE `notific...', Array, false)
#4 C:\laragon\www\library_system\system\Model.php(461): CodeIgniter\Database\BaseBuilder->update()
#5 C:\laragon\www\library_system\system\BaseModel.php(1028): CodeIgniter\Model->doUpdate(NULL, Array)
#6 C:\laragon\www\library_system\system\Model.php(865): CodeIgniter\BaseModel->update(NULL, Array)
#7 C:\laragon\www\library_system\app\Models\Notification_model.php(26): CodeIgniter\Model->update()
#8 C:\laragon\www\library_system\app\Controllers\NotificationController.php(32): App\Models\Notification_model->updateStatusToRead('76')
#9 C:\laragon\www\library_system\system\CodeIgniter.php(933): App\Controllers\NotificationController->markAsRead()
#10 C:\laragon\www\library_system\system\CodeIgniter.php(509): CodeIgniter\CodeIgniter->runController(Object(App\Controllers\NotificationController))
#11 C:\laragon\www\library_system\system\CodeIgniter.php(355): CodeIgniter\CodeIgniter->handleRequest(NULL, Object(Config\Cache), false)
#12 C:\laragon\www\library_system\system\Boot.php(325): CodeIgniter\CodeIgniter->run()
#13 C:\laragon\www\library_system\system\Boot.php(67): CodeIgniter\Boot::runCodeIgniter(Object(CodeIgniter\CodeIgniter))
#14 C:\laragon\www\library_system\index.php(57): CodeIgniter\Boot::bootWeb(Object(Config\Paths))
#15 {main}
ERROR - 2024-11-22 14:04:47 --> mysqli_sql_exception: Unknown column 'updated_at' in 'field list' in C:\laragon\www\library_system\system\Database\MySQLi\Connection.php:312
Stack trace:
#0 C:\laragon\www\library_system\system\Database\MySQLi\Connection.php(312): mysqli->query('UPDATE `notific...', 0)
#1 C:\laragon\www\library_system\system\Database\BaseConnection.php(734): CodeIgniter\Database\MySQLi\Connection->execute('UPDATE `notific...')
#2 C:\laragon\www\library_system\system\Database\BaseConnection.php(648): CodeIgniter\Database\BaseConnection->simpleQuery('UPDATE `notific...')
#3 C:\laragon\www\library_system\system\Database\BaseBuilder.php(2516): CodeIgniter\Database\BaseConnection->query('UPDATE `notific...', Array, false)
#4 C:\laragon\www\library_system\system\Model.php(461): CodeIgniter\Database\BaseBuilder->update()
#5 C:\laragon\www\library_system\system\BaseModel.php(1028): CodeIgniter\Model->doUpdate(NULL, Array)
#6 C:\laragon\www\library_system\system\Model.php(865): CodeIgniter\BaseModel->update(NULL, Array)
#7 C:\laragon\www\library_system\app\Models\Notification_model.php(26): CodeIgniter\Model->update()
#8 C:\laragon\www\library_system\app\Controllers\NotificationController.php(32): App\Models\Notification_model->updateStatusToRead('76')
#9 C:\laragon\www\library_system\system\CodeIgniter.php(933): App\Controllers\NotificationController->markAsRead()
#10 C:\laragon\www\library_system\system\CodeIgniter.php(509): CodeIgniter\CodeIgniter->runController(Object(App\Controllers\NotificationController))
#11 C:\laragon\www\library_system\system\CodeIgniter.php(355): CodeIgniter\CodeIgniter->handleRequest(NULL, Object(Config\Cache), false)
#12 C:\laragon\www\library_system\system\Boot.php(325): CodeIgniter\CodeIgniter->run()
#13 C:\laragon\www\library_system\system\Boot.php(67): CodeIgniter\Boot::runCodeIgniter(Object(CodeIgniter\CodeIgniter))
#14 C:\laragon\www\library_system\index.php(57): CodeIgniter\Boot::bootWeb(Object(Config\Paths))
#15 {main}
ERROR - 2024-11-22 14:05:46 --> mysqli_sql_exception: Unknown column 'updated_at' in 'field list' in C:\laragon\www\library_system\system\Database\MySQLi\Connection.php:312
Stack trace:
#0 C:\laragon\www\library_system\system\Database\MySQLi\Connection.php(312): mysqli->query('UPDATE `notific...', 0)
#1 C:\laragon\www\library_system\system\Database\BaseConnection.php(734): CodeIgniter\Database\MySQLi\Connection->execute('UPDATE `notific...')
#2 C:\laragon\www\library_system\system\Database\BaseConnection.php(648): CodeIgniter\Database\BaseConnection->simpleQuery('UPDATE `notific...')
#3 C:\laragon\www\library_system\system\Database\BaseBuilder.php(2516): CodeIgniter\Database\BaseConnection->query('UPDATE `notific...', Array, false)
#4 C:\laragon\www\library_system\system\Model.php(461): CodeIgniter\Database\BaseBuilder->update()
#5 C:\laragon\www\library_system\system\BaseModel.php(1028): CodeIgniter\Model->doUpdate(NULL, Array)
#6 C:\laragon\www\library_system\system\Model.php(865): CodeIgniter\BaseModel->update(NULL, Array)
#7 C:\laragon\www\library_system\app\Models\Notification_model.php(26): CodeIgniter\Model->update()
#8 C:\laragon\www\library_system\app\Controllers\NotificationController.php(32): App\Models\Notification_model->updateStatusToRead('76')
#9 C:\laragon\www\library_system\system\CodeIgniter.php(933): App\Controllers\NotificationController->markAsRead()
#10 C:\laragon\www\library_system\system\CodeIgniter.php(509): CodeIgniter\CodeIgniter->runController(Object(App\Controllers\NotificationController))
#11 C:\laragon\www\library_system\system\CodeIgniter.php(355): CodeIgniter\CodeIgniter->handleRequest(NULL, Object(Config\Cache), false)
#12 C:\laragon\www\library_system\system\Boot.php(325): CodeIgniter\CodeIgniter->run()
#13 C:\laragon\www\library_system\system\Boot.php(67): CodeIgniter\Boot::runCodeIgniter(Object(CodeIgniter\CodeIgniter))
#14 C:\laragon\www\library_system\index.php(57): CodeIgniter\Boot::bootWeb(Object(Config\Paths))
#15 {main}
ERROR - 2024-11-22 14:05:47 --> mysqli_sql_exception: Unknown column 'updated_at' in 'field list' in C:\laragon\www\library_system\system\Database\MySQLi\Connection.php:312
Stack trace:
#0 C:\laragon\www\library_system\system\Database\MySQLi\Connection.php(312): mysqli->query('UPDATE `notific...', 0)
#1 C:\laragon\www\library_system\system\Database\BaseConnection.php(734): CodeIgniter\Database\MySQLi\Connection->execute('UPDATE `notific...')
#2 C:\laragon\www\library_system\system\Database\BaseConnection.php(648): CodeIgniter\Database\BaseConnection->simpleQuery('UPDATE `notific...')
#3 C:\laragon\www\library_system\system\Database\BaseBuilder.php(2516): CodeIgniter\Database\BaseConnection->query('UPDATE `notific...', Array, false)
#4 C:\laragon\www\library_system\system\Model.php(461): CodeIgniter\Database\BaseBuilder->update()
#5 C:\laragon\www\library_system\system\BaseModel.php(1028): CodeIgniter\Model->doUpdate(NULL, Array)
#6 C:\laragon\www\library_system\system\Model.php(865): CodeIgniter\BaseModel->update(NULL, Array)
#7 C:\laragon\www\library_system\app\Models\Notification_model.php(26): CodeIgniter\Model->update()
#8 C:\laragon\www\library_system\app\Controllers\NotificationController.php(32): App\Models\Notification_model->updateStatusToRead('76')
#9 C:\laragon\www\library_system\system\CodeIgniter.php(933): App\Controllers\NotificationController->markAsRead()
#10 C:\laragon\www\library_system\system\CodeIgniter.php(509): CodeIgniter\CodeIgniter->runController(Object(App\Controllers\NotificationController))
#11 C:\laragon\www\library_system\system\CodeIgniter.php(355): CodeIgniter\CodeIgniter->handleRequest(NULL, Object(Config\Cache), false)
#12 C:\laragon\www\library_system\system\Boot.php(325): CodeIgniter\CodeIgniter->run()
#13 C:\laragon\www\library_system\system\Boot.php(67): CodeIgniter\Boot::runCodeIgniter(Object(CodeIgniter\CodeIgniter))
#14 C:\laragon\www\library_system\index.php(57): CodeIgniter\Boot::bootWeb(Object(Config\Paths))
#15 {main}
ERROR - 2024-11-22 14:05:47 --> mysqli_sql_exception: Unknown column 'updated_at' in 'field list' in C:\laragon\www\library_system\system\Database\MySQLi\Connection.php:312
Stack trace:
#0 C:\laragon\www\library_system\system\Database\MySQLi\Connection.php(312): mysqli->query('UPDATE `notific...', 0)
#1 C:\laragon\www\library_system\system\Database\BaseConnection.php(734): CodeIgniter\Database\MySQLi\Connection->execute('UPDATE `notific...')
#2 C:\laragon\www\library_system\system\Database\BaseConnection.php(648): CodeIgniter\Database\BaseConnection->simpleQuery('UPDATE `notific...')
#3 C:\laragon\www\library_system\system\Database\BaseBuilder.php(2516): CodeIgniter\Database\BaseConnection->query('UPDATE `notific...', Array, false)
#4 C:\laragon\www\library_system\system\Model.php(461): CodeIgniter\Database\BaseBuilder->update()
#5 C:\laragon\www\library_system\system\BaseModel.php(1028): CodeIgniter\Model->doUpdate(NULL, Array)
#6 C:\laragon\www\library_system\system\Model.php(865): CodeIgniter\BaseModel->update(NULL, Array)
#7 C:\laragon\www\library_system\app\Models\Notification_model.php(26): CodeIgniter\Model->update()
#8 C:\laragon\www\library_system\app\Controllers\NotificationController.php(32): App\Models\Notification_model->updateStatusToRead('76')
#9 C:\laragon\www\library_system\system\CodeIgniter.php(933): App\Controllers\NotificationController->markAsRead()
#10 C:\laragon\www\library_system\system\CodeIgniter.php(509): CodeIgniter\CodeIgniter->runController(Object(App\Controllers\NotificationController))
#11 C:\laragon\www\library_system\system\CodeIgniter.php(355): CodeIgniter\CodeIgniter->handleRequest(NULL, Object(Config\Cache), false)
#12 C:\laragon\www\library_system\system\Boot.php(325): CodeIgniter\CodeIgniter->run()
#13 C:\laragon\www\library_system\system\Boot.php(67): CodeIgniter\Boot::runCodeIgniter(Object(CodeIgniter\CodeIgniter))
#14 C:\laragon\www\library_system\index.php(57): CodeIgniter\Boot::bootWeb(Object(Config\Paths))
#15 {main}
ERROR - 2024-11-22 14:05:48 --> mysqli_sql_exception: Unknown column 'updated_at' in 'field list' in C:\laragon\www\library_system\system\Database\MySQLi\Connection.php:312
Stack trace:
#0 C:\laragon\www\library_system\system\Database\MySQLi\Connection.php(312): mysqli->query('UPDATE `notific...', 0)
#1 C:\laragon\www\library_system\system\Database\BaseConnection.php(734): CodeIgniter\Database\MySQLi\Connection->execute('UPDATE `notific...')
#2 C:\laragon\www\library_system\system\Database\BaseConnection.php(648): CodeIgniter\Database\BaseConnection->simpleQuery('UPDATE `notific...')
#3 C:\laragon\www\library_system\system\Database\BaseBuilder.php(2516): CodeIgniter\Database\BaseConnection->query('UPDATE `notific...', Array, false)
#4 C:\laragon\www\library_system\system\Model.php(461): CodeIgniter\Database\BaseBuilder->update()
#5 C:\laragon\www\library_system\system\BaseModel.php(1028): CodeIgniter\Model->doUpdate(NULL, Array)
#6 C:\laragon\www\library_system\system\Model.php(865): CodeIgniter\BaseModel->update(NULL, Array)
#7 C:\laragon\www\library_system\app\Models\Notification_model.php(26): CodeIgniter\Model->update()
#8 C:\laragon\www\library_system\app\Controllers\NotificationController.php(32): App\Models\Notification_model->updateStatusToRead('76')
#9 C:\laragon\www\library_system\system\CodeIgniter.php(933): App\Controllers\NotificationController->markAsRead()
#10 C:\laragon\www\library_system\system\CodeIgniter.php(509): CodeIgniter\CodeIgniter->runController(Object(App\Controllers\NotificationController))
#11 C:\laragon\www\library_system\system\CodeIgniter.php(355): CodeIgniter\CodeIgniter->handleRequest(NULL, Object(Config\Cache), false)
#12 C:\laragon\www\library_system\system\Boot.php(325): CodeIgniter\CodeIgniter->run()
#13 C:\laragon\www\library_system\system\Boot.php(67): CodeIgniter\Boot::runCodeIgniter(Object(CodeIgniter\CodeIgniter))
#14 C:\laragon\www\library_system\index.php(57): CodeIgniter\Boot::bootWeb(Object(Config\Paths))
#15 {main}
CRITICAL - 2024-11-22 14:09:33 --> ErrorException: Undefined variable $unread_count
[Method: GET, Route: user/dashboard]
in APPPATH\Views\student\dashboard.php on line 159.
 1 APPPATH\Views\student\dashboard.php(159): CodeIgniter\Debug\Exceptions->errorHandler(2, 'Undefined variable $unread_count', 'C:\\laragon\\www\\library_system\\app\\Views\\student\\dashboard.php', 159)
 2 SYSTEMPATH\View\View.php(234): include('C:\\laragon\\www\\library_system\\app\\Views\\student\\dashboard.php')
 3 SYSTEMPATH\View\View.php(237): CodeIgniter\View\View->CodeIgniter\View\{closure}()
 4 SYSTEMPATH\Common.php(1171): CodeIgniter\View\View->render('student/dashboard', [], true)
 5 APPPATH\Controllers\UserController.php(650): view('student/dashboard', [...])
 6 SYSTEMPATH\CodeIgniter.php(933): App\Controllers\UserController->dashboard()
 7 SYSTEMPATH\CodeIgniter.php(509): CodeIgniter\CodeIgniter->runController(Object(App\Controllers\UserController))
 8 SYSTEMPATH\CodeIgniter.php(355): CodeIgniter\CodeIgniter->handleRequest(null, Object(Config\Cache), false)
 9 SYSTEMPATH\Boot.php(325): CodeIgniter\CodeIgniter->run()
10 SYSTEMPATH\Boot.php(67): CodeIgniter\Boot::runCodeIgniter(Object(CodeIgniter\CodeIgniter))
11 FCPATH\index.php(57): CodeIgniter\Boot::bootWeb(Object(Config\Paths))
CRITICAL - 2024-11-22 14:13:30 --> ErrorException: Undefined variable $unread_count
[Method: GET, Route: user/dashboard]
in APPPATH\Views\student\dashboard.php on line 159.
 1 APPPATH\Views\student\dashboard.php(159): CodeIgniter\Debug\Exceptions->errorHandler(2, 'Undefined variable $unread_count', 'C:\\laragon\\www\\library_system\\app\\Views\\student\\dashboard.php', 159)
 2 SYSTEMPATH\View\View.php(234): include('C:\\laragon\\www\\library_system\\app\\Views\\student\\dashboard.php')
 3 SYSTEMPATH\View\View.php(237): CodeIgniter\View\View->CodeIgniter\View\{closure}()
 4 SYSTEMPATH\Common.php(1171): CodeIgniter\View\View->render('student/dashboard', [], true)
 5 APPPATH\Controllers\UserController.php(650): view('student/dashboard', [...])
 6 SYSTEMPATH\CodeIgniter.php(933): App\Controllers\UserController->dashboard()
 7 SYSTEMPATH\CodeIgniter.php(509): CodeIgniter\CodeIgniter->runController(Object(App\Controllers\UserController))
 8 SYSTEMPATH\CodeIgniter.php(355): CodeIgniter\CodeIgniter->handleRequest(null, Object(Config\Cache), false)
 9 SYSTEMPATH\Boot.php(325): CodeIgniter\CodeIgniter->run()
10 SYSTEMPATH\Boot.php(67): CodeIgniter\Boot::runCodeIgniter(Object(CodeIgniter\CodeIgniter))
11 FCPATH\index.php(57): CodeIgniter\Boot::bootWeb(Object(Config\Paths))
ERROR - 2024-11-22 23:41:27 --> Student ID/Username not found: supremopkv
ERROR - 2024-11-22 23:41:37 --> Password mismatch for input: supremopkvxx
